<?xml version="1.0" encoding="UTF-8"?>
<!-- Generated by org.testng.reporters.JUnitReportReporter -->
<testsuite hostname="DESKTOP-E13KQM6" failures="0" tests="4" name="testCases.LoginTest" time="23.659" errors="0" timestamp="2022-06-11T09:15:28 IST" skipped="1">
  <testcase classname="testCases.LoginTest" name="test2" time="12.475"/>
  <system-out/>
  <testcase classname="testCases.LoginTest" name="test4" time="6.508"/>
  <system-out/>
  <testcase classname="testCases.LoginTest" name="test3" time="4.676"/>
  <system-out/>
  <testcase classname="testCases.LoginTest" name="loginTestWithValidCredentials">
    <skipped/>
  </testcase> <!-- loginTestWithValidCredentials -->
  <system-out/>
</testsuite> <!-- testCases.LoginTest -->
